Build started 5/31/2011 9:31:53 PM.
     1>Project "C:\Documents and Settings\Daniel Van Sciver\my documents\visual studio 2010\Projects\IGNNoire\IGNNoire\IGNNoire.vcxproj" on node 2 (build target(s)).
     1>InitializeBuildStatus:
         Creating "Debug\IGNNoire.unsuccessfulbuild" because "AlwaysCreate" was specified.
       ClCompile:
         C:\Program Files\Microsoft Visual Studio 10.0\VC\bin\CL.exe /c /ZI /nologo /W3 /WX- /Od /Oy- /D _MBCS /Gm /EHsc /RTC1 /MDd /GS /fp:precise /Zc:wchar_t /Zc:forScope /Fo"Debug\\" /Fd"Debug\vc100.pdb" /Gd /TP /analyze- /errorReport:prompt IGNNoire.cpp
         IGNNoire.cpp
     1>c:\documents and settings\daniel van sciver\my documents\visual studio 2010\projects\ignnoire\ignnoire\ignnoire.cpp(6): warning C4005: '_WIN32_WINNT' : macro redefinition
                 c:\program files\microsoft sdks\windows\v7.0a\include\sdkddkver.h(197) : see previous definition of '_WIN32_WINNT'
       Link:
         C:\Program Files\Microsoft Visual Studio 10.0\VC\bin\link.exe /ERRORREPORT:PROMPT /OUT:"C:\Documents and Settings\Daniel Van Sciver\my documents\visual studio 2010\Projects\IGNNoire\Debug\IGNNoire.exe" /NOLOGO kernel32.lib user32.lib gdi32.lib winspool.lib comdlg32.lib advapi32.lib shell32.lib ole32.lib oleaut32.lib uuid.lib odbc32.lib odbccp32.lib /MANIFEST /ManifestFile:"Debug\IGNNoire.exe.intermediate.manifest" /MANIFESTUAC:"level='asInvoker' uiAccess='false'" /DEBUG /PDB:"C:\Documents and Settings\Daniel Van Sciver\my documents\visual studio 2010\Projects\IGNNoire\Debug\IGNNoire.pdb" /SUBSYSTEM:CONSOLE /TLBID:1 /DYNAMICBASE /NXCOMPAT /IMPLIB:"C:\Documents and Settings\Daniel Van Sciver\my documents\visual studio 2010\Projects\IGNNoire\Debug\IGNNoire.lib" /MACHINE:X86 Debug\IGNNoire.obj
         LINK : C:\Documents and Settings\Daniel Van Sciver\my documents\visual studio 2010\Projects\IGNNoire\Debug\IGNNoire.exe not found or not built by the last incremental link; performing full link
         IGNNoire.vcxproj -> C:\Documents and Settings\Daniel Van Sciver\my documents\visual studio 2010\Projects\IGNNoire\Debug\IGNNoire.exe
       Manifest:
         C:\Program Files\Microsoft SDKs\Windows\v7.0A\bin\mt.exe /nologo /verbose /outputresource:"C:\Documents and Settings\Daniel Van Sciver\my documents\visual studio 2010\Projects\IGNNoire\Debug\IGNNoire.exe;#1" /manifest Debug\IGNNoire.exe.intermediate.manifest
       FinalizeBuildStatus:
         Deleting file "Debug\IGNNoire.unsuccessfulbuild".
         Touching "Debug\IGNNoire.lastbuildstate".
     1>Done Building Project "C:\Documents and Settings\Daniel Van Sciver\my documents\visual studio 2010\Projects\IGNNoire\IGNNoire\IGNNoire.vcxproj" (build target(s)).

Build succeeded.

Time Elapsed 00:00:02.01
